2023-06-21 14:35:42,574 - INFO - ====== WebDriver manager ======
2023-06-21 14:35:45,096 - INFO - Get LATEST geckodriver version for 114.0 firefox
2023-06-21 14:35:45,291 - INFO - Getting latest mozilla release info for v0.33.0
2023-06-21 14:35:45,519 - INFO - About to download new driver from https://github.com/mozilla/geckodriver/releases/download/v0.33.0/geckodriver-v0.33.0-win64.zip
2023-06-21 14:35:46,896 - INFO - Driver has been saved in cache [C:\Users\Vigne\.wdm\drivers\geckodriver\win64\v0.33.0]
2023-06-21 14:35:54,216 - INFO - Before All
2023-06-21 14:35:54,233 - INFO - Before Scenario
2023-06-21 14:35:54,234 - INFO - Before Step
2023-06-21 14:35:56,000 - INFO - After Step
2023-06-21 14:35:56,112 - INFO - Before Step
2023-06-21 14:35:56,359 - INFO - After Step
2023-06-21 14:35:56,425 - INFO - Before Step
2023-06-21 14:35:56,893 - INFO - After Step
2023-06-21 14:35:56,962 - INFO - After Scenario
2023-06-21 14:35:56,964 - INFO - Before Scenario
2023-06-21 14:35:56,965 - INFO - Before Step
2023-06-21 14:35:56,983 - INFO - After Step
2023-06-21 14:35:57,039 - INFO - Before Step
2023-06-21 14:36:00,344 - INFO - After Step
2023-06-21 14:36:00,437 - INFO - After Scenario
2023-06-21 14:36:00,441 - INFO - Before Scenario
2023-06-21 14:36:00,443 - INFO - Before Step
2023-06-21 14:36:00,473 - INFO - After Step
2023-06-21 14:36:00,561 - INFO - Before Step
2023-06-21 14:36:03,852 - INFO - After Step
2023-06-21 14:36:03,931 - INFO - After Scenario
2023-06-21 14:36:03,935 - INFO - Before Scenario
2023-06-21 14:36:03,937 - INFO - Before Step
2023-06-21 14:36:03,966 - INFO - After Step
2023-06-21 14:36:04,054 - INFO - Before Step
2023-06-21 14:36:07,341 - INFO - After Step
2023-06-21 14:36:07,423 - INFO - After Scenario
2023-06-21 14:36:07,426 - INFO - Before Scenario
2023-06-21 14:36:07,428 - INFO - Before Step
2023-06-21 14:36:07,448 - INFO - After Step
2023-06-21 14:36:07,525 - INFO - Before Step
2023-06-21 14:36:08,961 - INFO - After Step
2023-06-21 14:36:09,379 - INFO - After Scenario
2023-06-21 14:36:09,383 - INFO - After All
2023-06-21 14:39:28,949 - INFO - ====== WebDriver manager ======
2023-06-21 14:39:31,298 - INFO - Driver [C:\Users\Vigne\.wdm\drivers\geckodriver\win64\v0.33.0\geckodriver.exe] found in cache
2023-06-21 14:39:38,566 - INFO - Before All
2023-06-21 14:39:38,568 - INFO - Before Scenario
2023-06-21 14:39:38,570 - INFO - Before Step
2023-06-21 14:39:39,706 - INFO - After Step
2023-06-21 14:39:39,851 - INFO - Before Step
2023-06-21 14:39:39,920 - INFO - After Step
2023-06-21 14:39:39,992 - INFO - Before Step
2023-06-21 14:39:40,516 - INFO - After Step
2023-06-21 14:39:40,583 - INFO - After Scenario
2023-06-21 14:39:40,586 - INFO - Before Scenario
2023-06-21 14:39:40,586 - INFO - Before Step
2023-06-21 14:39:40,606 - INFO - After Step
2023-06-21 14:39:40,678 - INFO - Before Step
2023-06-21 14:39:43,979 - INFO - After Step
2023-06-21 14:39:44,103 - INFO - After Scenario
2023-06-21 14:39:44,108 - INFO - Before Scenario
2023-06-21 14:39:44,110 - INFO - Before Step
2023-06-21 14:39:44,138 - INFO - After Step
2023-06-21 14:39:44,215 - INFO - Before Step
2023-06-21 14:39:47,514 - INFO - After Step
2023-06-21 14:39:47,640 - INFO - After Scenario
2023-06-21 14:39:47,643 - INFO - Before Scenario
2023-06-21 14:39:47,644 - INFO - Before Step
2023-06-21 14:39:47,671 - INFO - After Step
2023-06-21 14:39:47,809 - INFO - Before Step
2023-06-21 14:39:51,086 - INFO - After Step
2023-06-21 14:39:51,169 - INFO - After Scenario
2023-06-21 14:39:51,172 - INFO - Before Scenario
2023-06-21 14:39:51,173 - INFO - Before Step
2023-06-21 14:39:51,201 - INFO - After Step
2023-06-21 14:39:51,262 - INFO - Before Step
2023-06-21 14:39:52,043 - INFO - After Step
2023-06-21 14:39:52,118 - ERROR - Step failed: the user logouts from the site
2023-06-21 14:39:52,273 - INFO - After Scenario
2023-06-21 14:39:52,284 - INFO - After All
2023-06-21 14:42:37,426 - INFO - ====== WebDriver manager ======
2023-06-21 14:42:42,208 - INFO - There is no [win64] geckodriver "latest" for browser firefox "114.0" in cache
2023-06-21 14:42:42,208 - INFO - Get LATEST geckodriver version for 114.0 firefox
2023-06-21 14:42:42,381 - INFO - Getting latest mozilla release info for v0.33.0
2023-06-21 14:42:42,829 - INFO - About to download new driver from https://github.com/mozilla/geckodriver/releases/download/v0.33.0/geckodriver-v0.33.0-win64.zip
2023-06-21 14:42:44,348 - INFO - Driver has been saved in cache [C:\windows\system32\config\systemprofile\.wdm\drivers\geckodriver\win64\v0.33.0]
2023-06-21 14:42:50,980 - INFO - Before All
2023-06-21 14:42:50,983 - INFO - Before Scenario
2023-06-21 14:42:50,984 - INFO - Before Step
2023-06-21 14:42:51,962 - INFO - After Step
2023-06-21 14:42:52,183 - INFO - Before Step
2023-06-21 14:42:52,233 - INFO - After Step
2023-06-21 14:42:52,306 - INFO - Before Step
2023-06-21 14:42:52,815 - INFO - After Step
2023-06-21 14:42:52,938 - INFO - After Scenario
2023-06-21 14:42:52,942 - INFO - Before Scenario
2023-06-21 14:42:52,944 - INFO - Before Step
2023-06-21 14:42:52,977 - INFO - After Step
2023-06-21 14:42:53,073 - INFO - Before Step
2023-06-21 14:42:56,371 - INFO - After Step
2023-06-21 14:42:56,459 - INFO - After Scenario
2023-06-21 14:42:56,461 - INFO - Before Scenario
2023-06-21 14:42:56,462 - INFO - Before Step
2023-06-21 14:42:56,482 - INFO - After Step
2023-06-21 14:42:56,544 - INFO - Before Step
2023-06-21 14:42:59,844 - INFO - After Step
2023-06-21 14:42:59,930 - INFO - After Scenario
2023-06-21 14:42:59,934 - INFO - Before Scenario
2023-06-21 14:42:59,935 - INFO - Before Step
2023-06-21 14:42:59,952 - INFO - After Step
2023-06-21 14:43:00,019 - INFO - Before Step
2023-06-21 14:43:03,293 - INFO - After Step
2023-06-21 14:43:03,378 - INFO - After Scenario
2023-06-21 14:43:03,381 - INFO - Before Scenario
2023-06-21 14:43:03,382 - INFO - Before Step
2023-06-21 14:43:03,401 - INFO - After Step
2023-06-21 14:43:03,474 - INFO - Before Step
2023-06-21 14:43:03,963 - INFO - After Step
2023-06-21 14:43:04,025 - INFO - After Scenario
2023-06-21 14:43:04,029 - INFO - After All
2023-06-21 15:21:54,237 - INFO - ====== WebDriver manager ======
2023-06-21 15:21:57,764 - INFO - Driver [C:\windows\system32\config\systemprofile\.wdm\drivers\geckodriver\win64\v0.33.0\geckodriver.exe] found in cache
2023-06-21 15:22:04,260 - INFO - Before All
2023-06-21 15:22:04,263 - INFO - Before Scenario
2023-06-21 15:22:04,265 - INFO - Before Step
2023-06-21 15:22:06,586 - INFO - After Step
2023-06-21 15:22:06,808 - INFO - Before Step
2023-06-21 15:22:06,869 - INFO - After Step
2023-06-21 15:22:06,943 - INFO - Before Step
2023-06-21 15:22:07,450 - INFO - After Step
2023-06-21 15:22:07,557 - INFO - After Scenario
2023-06-21 15:22:07,562 - INFO - Before Scenario
2023-06-21 15:22:07,563 - INFO - Before Step
2023-06-21 15:22:07,598 - INFO - After Step
2023-06-21 15:22:07,696 - INFO - Before Step
2023-06-21 15:22:11,011 - INFO - After Step
2023-06-21 15:22:11,094 - INFO - After Scenario
2023-06-21 15:22:11,096 - INFO - Before Scenario
2023-06-21 15:22:11,097 - INFO - Before Step
2023-06-21 15:22:11,114 - INFO - After Step
2023-06-21 15:22:11,193 - INFO - Before Step
2023-06-21 15:22:14,514 - INFO - After Step
2023-06-21 15:22:14,598 - INFO - After Scenario
2023-06-21 15:22:14,607 - INFO - Before Scenario
2023-06-21 15:22:14,608 - INFO - Before Step
2023-06-21 15:22:14,641 - INFO - After Step
2023-06-21 15:22:14,721 - INFO - Before Step
2023-06-21 15:22:18,037 - INFO - After Step
2023-06-21 15:22:18,126 - INFO - After Scenario
2023-06-21 15:22:18,131 - INFO - Before Scenario
2023-06-21 15:22:18,133 - INFO - Before Step
2023-06-21 15:22:18,159 - INFO - After Step
2023-06-21 15:22:18,221 - INFO - Before Step
2023-06-21 15:22:18,704 - INFO - After Step
2023-06-21 15:22:18,768 - INFO - After Scenario
2023-06-21 15:22:18,776 - INFO - After All
2023-06-21 15:57:38,045 - INFO - ====== WebDriver manager ======
2023-06-21 15:57:40,919 - INFO - Driver [C:\windows\system32\config\systemprofile\.wdm\drivers\geckodriver\win64\v0.33.0\geckodriver.exe] found in cache
2023-06-21 15:57:47,634 - INFO - Before All
2023-06-21 15:57:47,637 - INFO - Before Scenario
2023-06-21 15:57:47,638 - INFO - Before Step
2023-06-21 15:57:58,223 - INFO - After Step
2023-06-21 15:57:58,401 - INFO - Before Step
2023-06-21 15:57:58,439 - INFO - After Step
2023-06-21 15:57:58,503 - INFO - Before Step
2023-06-21 15:57:58,912 - INFO - After Step
2023-06-21 15:57:58,976 - INFO - After Scenario
2023-06-21 15:57:58,980 - INFO - Before Scenario
2023-06-21 15:57:58,981 - INFO - Before Step
2023-06-21 15:57:59,016 - INFO - After Step
2023-06-21 15:57:59,077 - INFO - Before Step
2023-06-21 15:58:02,366 - INFO - After Step
2023-06-21 15:58:02,442 - INFO - After Scenario
2023-06-21 15:58:02,445 - INFO - Before Scenario
2023-06-21 15:58:02,446 - INFO - Before Step
2023-06-21 15:58:02,464 - INFO - After Step
2023-06-21 15:58:02,509 - INFO - Before Step
2023-06-21 15:58:05,802 - INFO - After Step
2023-06-21 15:58:05,887 - INFO - After Scenario
2023-06-21 15:58:05,891 - INFO - Before Scenario
2023-06-21 15:58:05,892 - INFO - Before Step
2023-06-21 15:58:05,910 - INFO - After Step
2023-06-21 15:58:05,968 - INFO - Before Step
2023-06-21 15:58:09,243 - INFO - After Step
2023-06-21 15:58:09,314 - INFO - After Scenario
2023-06-21 15:58:09,318 - INFO - Before Scenario
2023-06-21 15:58:09,319 - INFO - Before Step
2023-06-21 15:58:09,339 - INFO - After Step
2023-06-21 15:58:09,412 - INFO - Before Step
2023-06-21 15:58:09,897 - INFO - After Step
2023-06-21 15:58:09,962 - INFO - After Scenario
2023-06-21 15:58:09,967 - INFO - After All
2023-06-21 15:58:32,606 - INFO - ====== WebDriver manager ======
2023-06-21 15:58:35,013 - INFO - Driver [C:\windows\system32\config\systemprofile\.wdm\drivers\geckodriver\win64\v0.33.0\geckodriver.exe] found in cache
2023-06-21 15:58:40,824 - INFO - Before All
2023-06-21 15:58:40,828 - INFO - Before Scenario
2023-06-21 15:58:40,828 - INFO - Before Step
2023-06-21 15:58:42,116 - INFO - After Step
2023-06-21 15:58:42,286 - INFO - Before Step
2023-06-21 15:58:42,323 - INFO - After Step
2023-06-21 15:58:42,382 - INFO - Before Step
2023-06-21 15:58:42,806 - INFO - After Step
2023-06-21 15:58:42,899 - INFO - After Scenario
2023-06-21 15:58:42,903 - INFO - Before Scenario
2023-06-21 15:58:42,903 - INFO - Before Step
2023-06-21 15:58:42,921 - INFO - After Step
2023-06-21 15:58:42,988 - INFO - Before Step
2023-06-21 15:58:46,282 - INFO - After Step
2023-06-21 15:58:46,363 - INFO - After Scenario
2023-06-21 15:58:46,364 - INFO - Before Scenario
2023-06-21 15:58:46,365 - INFO - Before Step
2023-06-21 15:58:46,380 - INFO - After Step
2023-06-21 15:58:46,432 - INFO - Before Step
2023-06-21 15:58:49,716 - INFO - After Step
2023-06-21 15:58:49,803 - INFO - After Scenario
2023-06-21 15:58:49,828 - INFO - Before Scenario
2023-06-21 15:58:49,830 - INFO - Before Step
2023-06-21 15:58:49,859 - INFO - After Step
2023-06-21 15:58:49,924 - INFO - Before Step
2023-06-21 15:58:53,194 - INFO - After Step
2023-06-21 15:58:53,277 - INFO - After Scenario
2023-06-21 15:58:53,280 - INFO - Before Scenario
2023-06-21 15:58:53,281 - INFO - Before Step
2023-06-21 15:58:53,300 - INFO - After Step
2023-06-21 15:58:53,358 - INFO - Before Step
2023-06-21 15:58:53,843 - INFO - After Step
2023-06-21 15:58:53,903 - INFO - After Scenario
2023-06-21 15:58:53,906 - INFO - After All
